<?xml version="1.0" encoding="UTF-8"?>
<!-- Generated by org.testng.reporters.JUnitXMLReporter -->
<testsuite ignored="0" hostname="LAPTOP-DJ7HS86V" failures="0" tests="3" name="Test" time="26.05" errors="0" timestamp="2023-02-04T15:37:18 EST">
  <testcase classname="com.test.MultiTest" name="MouseHovering" time="2.909"/>
  <testcase classname="com.test.MultiTest" name="AdvanceDropDown" time="3.701"/>
  <testcase classname="com.test.FrameHandling" name="Frame" time="13.073"/>
</testsuite> <!-- Test -->
